\BOOKMARK [1][-]{section.1}{1. Edge image}{}% 1
\BOOKMARK [1][-]{section.2}{2. Hough method for finding lines}{}% 2
\BOOKMARK [1][-]{section.3}{3. Noise}{}% 3
\BOOKMARK [2][-]{subsection.3.1}{3.a. Smoothed image}{section.3}% 4
\BOOKMARK [2][-]{subsection.3.2}{3.b. Edges for regular and smoothed images}{section.3}% 5
\BOOKMARK [2][-]{subsection.3.3}{3.c. Hough transformed of the blurred image}{section.3}% 6
\BOOKMARK [1][-]{section.4}{4. Image with pens and coins}{}% 7
\BOOKMARK [2][-]{subsection.4.1}{4.a. Smoothing the image}{section.4}% 8
\BOOKMARK [2][-]{subsection.4.2}{4.b. Edge image}{section.4}% 9
\BOOKMARK [2][-]{subsection.4.3}{4.c. Hough for pens}{section.4}% 10
\BOOKMARK [1][-]{section.5}{5. Circles}{}% 11
\BOOKMARK [1][-]{section.6}{6. Realistic images}{}% 12
\BOOKMARK [2][-]{subsection.6.1}{6.a. Lines \(input 2\)}{section.6}% 13
\BOOKMARK [2][-]{subsection.6.2}{6.b. Issues with line detection}{section.6}% 14
\BOOKMARK [2][-]{subsection.6.3}{6.c. Improving accuracy}{section.6}% 15
\BOOKMARK [1][-]{section.7}{7. Circles \(input 2\)}{}% 16
\BOOKMARK [2][-]{subsection.7.1}{7.a. Smoothing \046 finding}{section.7}% 17
\BOOKMARK [2][-]{subsection.7.2}{7.b. False positives}{section.7}% 18
\BOOKMARK [1][-]{section.8}{8. Sensitivity to distortion}{}% 19
\BOOKMARK [2][-]{subsection.8.1}{8.a. Line and circle finders on the distorted image \(input 3\)}{section.8}% 20
\BOOKMARK [2][-]{subsection.8.2}{8.b. How to fix the circle problem}{section.8}% 21
\BOOKMARK [2][-]{subsection.8.3}{8.c. Fixing the circle problem}{section.8}% 22
